C:\Users\Jason\Documents\Visual Studio 2010\Projects\DXGame\Debug\DXGame.pdb
C:\Users\Jason\Documents\Visual Studio 2010\Projects\DXGame\Win32DirectDraw\Debug\cl.command.1.tlog
C:\Users\Jason\Documents\Visual Studio 2010\Projects\DXGame\Win32DirectDraw\Debug\CL.read.1.tlog
C:\Users\Jason\Documents\Visual Studio 2010\Projects\DXGame\Win32DirectDraw\Debug\CL.write.1.tlog
C:\Users\Jason\Documents\Visual Studio 2010\Projects\DXGame\Win32DirectDraw\Debug\DXGame.exe.embed.manifest
C:\USERS\JASON\DOCUMENTS\VISUAL STUDIO 2010\PROJECTS\DXGAME\WIN32DIRECTDRAW\DEBUG\DXGAME.EXE.EMBED.MANIFEST.RES
C:\Users\Jason\Documents\Visual Studio 2010\Projects\DXGame\Win32DirectDraw\Debug\DXGame.exe.intermediate.manifest
C:\USERS\JASON\DOCUMENTS\VISUAL STUDIO 2010\PROJECTS\DXGAME\WIN32DIRECTDRAW\DEBUG\DXGAME.PCH
C:\Users\Jason\Documents\Visual Studio 2010\Projects\DXGame\Win32DirectDraw\Debug\DXGame.write.1.tlog
C:\Users\Jason\Documents\Visual Studio 2010\Projects\DXGame\Win32DirectDraw\Debug\DXGame_manifest.rc
C:\USERS\JASON\DOCUMENTS\VISUAL STUDIO 2010\PROJECTS\DXGAME\WIN32DIRECTDRAW\DEBUG\GAMEENGINELIB.OBJ
C:\Users\Jason\Documents\Visual Studio 2010\Projects\DXGame\Win32DirectDraw\Debug\link.4300.read.1.tlog
C:\Users\Jason\Documents\Visual Studio 2010\Projects\DXGame\Win32DirectDraw\Debug\link.4300.write.1.tlog
C:\Users\Jason\Documents\Visual Studio 2010\Projects\DXGame\Win32DirectDraw\Debug\link.4300-cvtres.read.1.tlog
C:\Users\Jason\Documents\Visual Studio 2010\Projects\DXGame\Win32DirectDraw\Debug\link.4300-cvtres.write.1.tlog
C:\Users\Jason\Documents\Visual Studio 2010\Projects\DXGame\Win32DirectDraw\Debug\link.5956.read.1.tlog
C:\Users\Jason\Documents\Visual Studio 2010\Projects\DXGame\Win32DirectDraw\Debug\link.5956.write.1.tlog
C:\Users\Jason\Documents\Visual Studio 2010\Projects\DXGame\Win32DirectDraw\Debug\link.5956-cvtres.read.1.tlog
C:\Users\Jason\Documents\Visual Studio 2010\Projects\DXGame\Win32DirectDraw\Debug\link.5956-cvtres.write.1.tlog
C:\Users\Jason\Documents\Visual Studio 2010\Projects\DXGame\Win32DirectDraw\Debug\link.6668.read.1.tlog
C:\Users\Jason\Documents\Visual Studio 2010\Projects\DXGame\Win32DirectDraw\Debug\link.6668.write.1.tlog
C:\Users\Jason\Documents\Visual Studio 2010\Projects\DXGame\Win32DirectDraw\Debug\link.6668-cvtres.read.1.tlog
C:\Users\Jason\Documents\Visual Studio 2010\Projects\DXGame\Win32DirectDraw\Debug\link.6668-cvtres.write.1.tlog
C:\Users\Jason\Documents\Visual Studio 2010\Projects\DXGame\Win32DirectDraw\Debug\link.7560.read.1.tlog
C:\Users\Jason\Documents\Visual Studio 2010\Projects\DXGame\Win32DirectDraw\Debug\link.7560.write.1.tlog
C:\Users\Jason\Documents\Visual Studio 2010\Projects\DXGame\Win32DirectDraw\Debug\link.7560-cvtres.read.1.tlog
C:\Users\Jason\Documents\Visual Studio 2010\Projects\DXGame\Win32DirectDraw\Debug\link.7560-cvtres.write.1.tlog
C:\Users\Jason\Documents\Visual Studio 2010\Projects\DXGame\Win32DirectDraw\Debug\link.command.1.tlog
C:\Users\Jason\Documents\Visual Studio 2010\Projects\DXGame\Win32DirectDraw\Debug\link.read.1.tlog
C:\Users\Jason\Documents\Visual Studio 2010\Projects\DXGame\Win32DirectDraw\Debug\link.write.1.tlog
C:\Users\Jason\Documents\Visual Studio 2010\Projects\DXGame\Win32DirectDraw\Debug\link-cvtres.read.1.tlog
C:\Users\Jason\Documents\Visual Studio 2010\Projects\DXGame\Win32DirectDraw\Debug\link-cvtres.write.1.tlog
C:\Users\Jason\Documents\Visual Studio 2010\Projects\DXGame\Win32DirectDraw\Debug\mt.command.1.tlog
C:\Users\Jason\Documents\Visual Studio 2010\Projects\DXGame\Win32DirectDraw\Debug\mt.read.1.tlog
C:\Users\Jason\Documents\Visual Studio 2010\Projects\DXGame\Win32DirectDraw\Debug\mt.write.1.tlog
C:\Users\Jason\Documents\Visual Studio 2010\Projects\DXGame\Win32DirectDraw\Debug\rc.command.1.tlog
C:\Users\Jason\Documents\Visual Studio 2010\Projects\DXGame\Win32DirectDraw\Debug\rc.read.1.tlog
C:\Users\Jason\Documents\Visual Studio 2010\Projects\DXGame\Win32DirectDraw\Debug\rc.write.1.tlog
C:\USERS\JASON\DOCUMENTS\VISUAL STUDIO 2010\PROJECTS\DXGAME\WIN32DIRECTDRAW\DEBUG\STDAFX.OBJ
C:\Users\Jason\Documents\Visual Studio 2010\Projects\DXGame\Win32DirectDraw\Debug\vc100.idb
C:\USERS\JASON\DOCUMENTS\VISUAL STUDIO 2010\PROJECTS\DXGAME\WIN32DIRECTDRAW\DEBUG\VC100.PDB
C:\Users\Jason\Documents\Visual Studio 2010\Projects\DXGame\Win32DirectDraw\Debug\Win32DirectDraw.exe.embed.manifest
C:\Users\Jason\Documents\Visual Studio 2010\Projects\DXGame\Win32DirectDraw\Debug\Win32DirectDraw.exe.embed.manifest.res
C:\Users\Jason\Documents\Visual Studio 2010\Projects\DXGame\Win32DirectDraw\Debug\Win32DirectDraw.exe.intermediate.manifest
C:\USERS\JASON\DOCUMENTS\VISUAL STUDIO 2010\PROJECTS\DXGAME\WIN32DIRECTDRAW\DEBUG\WIN32DIRECTDRAW.OBJ
C:\Users\Jason\Documents\Visual Studio 2010\Projects\DXGame\Win32DirectDraw\Debug\Win32DirectDraw.pch
C:\USERS\JASON\DOCUMENTS\VISUAL STUDIO 2010\PROJECTS\DXGAME\WIN32DIRECTDRAW\DEBUG\WIN32DIRECTDRAW.RES
C:\Users\Jason\Documents\Visual Studio 2010\Projects\DXGame\Win32DirectDraw\Debug\Win32DirectDraw.vcxprojResolveAssemblyReference.cache
C:\Users\Jason\Documents\Visual Studio 2010\Projects\DXGame\Win32DirectDraw\Debug\Win32DirectDraw.write.1.tlog
C:\Users\Jason\Documents\Visual Studio 2010\Projects\DXGame\Win32DirectDraw\Debug\Win32DirectDraw_manifest.rc
C:\USERS\JASON\DOCUMENTS\VISUAL STUDIO 2010\PROJECTS\WIN32DIRECTDRAW\DEBUG\WIN32DIRECTDRAW.EXE
C:\USERS\JASON\DOCUMENTS\VISUAL STUDIO 2010\PROJECTS\WIN32DIRECTDRAW\DEBUG\WIN32DIRECTDRAW.ILK
C:\USERS\JASON\DOCUMENTS\VISUAL STUDIO 2010\PROJECTS\WIN32DIRECTDRAW\DEBUG\WIN32DIRECTDRAW.PDB
C:\USERS\JASON\DOCUMENTS\VISUAL STUDIO 2010\PROJECTS\WIN32DIRECTDRAW\WIN32DIRECTDRAW\DEBUG\STDAFX.OBJ
C:\USERS\JASON\DOCUMENTS\VISUAL STUDIO 2010\PROJECTS\WIN32DIRECTDRAW\WIN32DIRECTDRAW\DEBUG\VC100.PDB
C:\USERS\JASON\DOCUMENTS\VISUAL STUDIO 2010\PROJECTS\WIN32DIRECTDRAW\WIN32DIRECTDRAW\DEBUG\WIN32DIRECTDRAW.EXE.EMBED.MANIFEST
C:\USERS\JASON\DOCUMENTS\VISUAL STUDIO 2010\PROJECTS\WIN32DIRECTDRAW\WIN32DIRECTDRAW\DEBUG\WIN32DIRECTDRAW.EXE.EMBED.MANIFEST.RES
C:\USERS\JASON\DOCUMENTS\VISUAL STUDIO 2010\PROJECTS\WIN32DIRECTDRAW\WIN32DIRECTDRAW\DEBUG\WIN32DIRECTDRAW.EXE.INTERMEDIATE.MANIFEST
C:\USERS\JASON\DOCUMENTS\VISUAL STUDIO 2010\PROJECTS\WIN32DIRECTDRAW\WIN32DIRECTDRAW\DEBUG\WIN32DIRECTDRAW.OBJ
C:\USERS\JASON\DOCUMENTS\VISUAL STUDIO 2010\PROJECTS\WIN32DIRECTDRAW\WIN32DIRECTDRAW\DEBUG\WIN32DIRECTDRAW.PCH
C:\USERS\JASON\DOCUMENTS\VISUAL STUDIO 2010\PROJECTS\WIN32DIRECTDRAW\WIN32DIRECTDRAW\DEBUG\WIN32DIRECTDRAW.RES
