C:\USERS\IRON MAN\DOCUMENTS\VISUAL STUDIO 2010\PROJECTS\DXGAME\DEBUG\WIN32DIRECTDRAW.EXE
C:\USERS\IRON MAN\DOCUMENTS\VISUAL STUDIO 2010\PROJECTS\DXGAME\DEBUG\WIN32DIRECTDRAW.ILK
C:\USERS\IRON MAN\DOCUMENTS\VISUAL STUDIO 2010\PROJECTS\DXGAME\DEBUG\WIN32DIRECTDRAW.PDB
C:\Users\Iron man\Documents\Visual Studio 2010\Projects\DXGame\Win32DirectDraw\Debug\cl.command.1.tlog
C:\Users\Iron man\Documents\Visual Studio 2010\Projects\DXGame\Win32DirectDraw\Debug\CL.read.1.tlog
C:\Users\Iron man\Documents\Visual Studio 2010\Projects\DXGame\Win32DirectDraw\Debug\CL.write.1.tlog
C:\USERS\IRON MAN\DOCUMENTS\VISUAL STUDIO 2010\PROJECTS\DXGAME\WIN32DIRECTDRAW\DEBUG\CUBE.OBJ
C:\USERS\IRON MAN\DOCUMENTS\VISUAL STUDIO 2010\PROJECTS\DXGAME\WIN32DIRECTDRAW\DEBUG\LEVEL.OBJ
C:\Users\Iron man\Documents\Visual Studio 2010\Projects\DXGame\Win32DirectDraw\Debug\link.4472.read.1.tlog
C:\Users\Iron man\Documents\Visual Studio 2010\Projects\DXGame\Win32DirectDraw\Debug\link.4472.write.1.tlog
C:\Users\Iron man\Documents\Visual Studio 2010\Projects\DXGame\Win32DirectDraw\Debug\link.4472-cvtres.read.1.tlog
C:\Users\Iron man\Documents\Visual Studio 2010\Projects\DXGame\Win32DirectDraw\Debug\link.4472-cvtres.write.1.tlog
C:\Users\Iron man\Documents\Visual Studio 2010\Projects\DXGame\Win32DirectDraw\Debug\link.5992.read.1.tlog
C:\Users\Iron man\Documents\Visual Studio 2010\Projects\DXGame\Win32DirectDraw\Debug\link.5992.write.1.tlog
C:\Users\Iron man\Documents\Visual Studio 2010\Projects\DXGame\Win32DirectDraw\Debug\link.5992-cvtres.read.1.tlog
C:\Users\Iron man\Documents\Visual Studio 2010\Projects\DXGame\Win32DirectDraw\Debug\link.5992-cvtres.write.1.tlog
C:\Users\Iron man\Documents\Visual Studio 2010\Projects\DXGame\Win32DirectDraw\Debug\link.6068.read.1.tlog
C:\Users\Iron man\Documents\Visual Studio 2010\Projects\DXGame\Win32DirectDraw\Debug\link.6068.write.1.tlog
C:\Users\Iron man\Documents\Visual Studio 2010\Projects\DXGame\Win32DirectDraw\Debug\link.6068-cvtres.read.1.tlog
C:\Users\Iron man\Documents\Visual Studio 2010\Projects\DXGame\Win32DirectDraw\Debug\link.6068-cvtres.write.1.tlog
C:\Users\Iron man\Documents\Visual Studio 2010\Projects\DXGame\Win32DirectDraw\Debug\link.6744.read.1.tlog
C:\Users\Iron man\Documents\Visual Studio 2010\Projects\DXGame\Win32DirectDraw\Debug\link.6744.write.1.tlog
C:\Users\Iron man\Documents\Visual Studio 2010\Projects\DXGame\Win32DirectDraw\Debug\link.6744-cvtres.read.1.tlog
C:\Users\Iron man\Documents\Visual Studio 2010\Projects\DXGame\Win32DirectDraw\Debug\link.6744-cvtres.write.1.tlog
C:\Users\Iron man\Documents\Visual Studio 2010\Projects\DXGame\Win32DirectDraw\Debug\link.command.1.tlog
C:\Users\Iron man\Documents\Visual Studio 2010\Projects\DXGame\Win32DirectDraw\Debug\link.read.1.tlog
C:\Users\Iron man\Documents\Visual Studio 2010\Projects\DXGame\Win32DirectDraw\Debug\link.write.1.tlog
C:\Users\Iron man\Documents\Visual Studio 2010\Projects\DXGame\Win32DirectDraw\Debug\link-cvtres.read.1.tlog
C:\Users\Iron man\Documents\Visual Studio 2010\Projects\DXGame\Win32DirectDraw\Debug\link-cvtres.write.1.tlog
C:\Users\Iron man\Documents\Visual Studio 2010\Projects\DXGame\Win32DirectDraw\Debug\mt.command.1.tlog
C:\Users\Iron man\Documents\Visual Studio 2010\Projects\DXGame\Win32DirectDraw\Debug\mt.read.1.tlog
C:\Users\Iron man\Documents\Visual Studio 2010\Projects\DXGame\Win32DirectDraw\Debug\mt.write.1.tlog
C:\USERS\IRON MAN\DOCUMENTS\VISUAL STUDIO 2010\PROJECTS\DXGAME\WIN32DIRECTDRAW\DEBUG\OBJECT.OBJ
C:\Users\Iron man\Documents\Visual Studio 2010\Projects\DXGame\Win32DirectDraw\Debug\rc.command.1.tlog
C:\Users\Iron man\Documents\Visual Studio 2010\Projects\DXGame\Win32DirectDraw\Debug\rc.read.1.tlog
C:\Users\Iron man\Documents\Visual Studio 2010\Projects\DXGame\Win32DirectDraw\Debug\rc.write.1.tlog
C:\USERS\IRON MAN\DOCUMENTS\VISUAL STUDIO 2010\PROJECTS\DXGAME\WIN32DIRECTDRAW\DEBUG\STDAFX.OBJ
C:\Users\Iron man\Documents\Visual Studio 2010\Projects\DXGame\Win32DirectDraw\Debug\vc100.idb
C:\USERS\IRON MAN\DOCUMENTS\VISUAL STUDIO 2010\PROJECTS\DXGAME\WIN32DIRECTDRAW\DEBUG\VC100.PDB
C:\Users\Iron man\Documents\Visual Studio 2010\Projects\DXGame\Win32DirectDraw\Debug\Win32DirectDraw.exe.embed.manifest
C:\USERS\IRON MAN\DOCUMENTS\VISUAL STUDIO 2010\PROJECTS\DXGAME\WIN32DIRECTDRAW\DEBUG\WIN32DIRECTDRAW.EXE.EMBED.MANIFEST.RES
C:\USERS\IRON MAN\DOCUMENTS\VISUAL STUDIO 2010\PROJECTS\DXGAME\WIN32DIRECTDRAW\DEBUG\WIN32DIRECTDRAW.EXE.INTERMEDIATE.MANIFEST
C:\USERS\IRON MAN\DOCUMENTS\VISUAL STUDIO 2010\PROJECTS\DXGAME\WIN32DIRECTDRAW\DEBUG\WIN32DIRECTDRAW.OBJ
C:\USERS\IRON MAN\DOCUMENTS\VISUAL STUDIO 2010\PROJECTS\DXGAME\WIN32DIRECTDRAW\DEBUG\WIN32DIRECTDRAW.PCH
C:\USERS\IRON MAN\DOCUMENTS\VISUAL STUDIO 2010\PROJECTS\DXGAME\WIN32DIRECTDRAW\DEBUG\WIN32DIRECTDRAW.RES
C:\Users\Iron man\Documents\Visual Studio 2010\Projects\DXGame\Win32DirectDraw\Debug\Win32DirectDraw.vcxprojResolveAssemblyReference.cache
C:\Users\Iron man\Documents\Visual Studio 2010\Projects\DXGame\Win32DirectDraw\Debug\Win32DirectDraw.write.1.tlog
C:\Users\Iron man\Documents\Visual Studio 2010\Projects\DXGame\Win32DirectDraw\Debug\Win32DirectDraw_manifest.rc
C:\USERS\JASON\DOCUMENTS\VISUAL STUDIO 2010\PROJECTS\DXGAME\DEBUG\WIN32DIRECTDRAW.EXE
C:\USERS\JASON\DOCUMENTS\VISUAL STUDIO 2010\PROJECTS\DXGAME\DEBUG\WIN32DIRECTDRAW.ILK
C:\USERS\JASON\DOCUMENTS\VISUAL STUDIO 2010\PROJECTS\DXGAME\DEBUG\WIN32DIRECTDRAW.PDB
C:\USERS\JASON\DOCUMENTS\VISUAL STUDIO 2010\PROJECTS\DXGAME\WIN32DIRECTDRAW\DEBUG\STDAFX.OBJ
C:\USERS\JASON\DOCUMENTS\VISUAL STUDIO 2010\PROJECTS\DXGAME\WIN32DIRECTDRAW\DEBUG\VC100.PDB
C:\USERS\JASON\DOCUMENTS\VISUAL STUDIO 2010\PROJECTS\DXGAME\WIN32DIRECTDRAW\DEBUG\WIN32DIRECTDRAW.EXE.EMBED.MANIFEST
C:\USERS\JASON\DOCUMENTS\VISUAL STUDIO 2010\PROJECTS\DXGAME\WIN32DIRECTDRAW\DEBUG\WIN32DIRECTDRAW.EXE.EMBED.MANIFEST.RES
C:\USERS\JASON\DOCUMENTS\VISUAL STUDIO 2010\PROJECTS\DXGAME\WIN32DIRECTDRAW\DEBUG\WIN32DIRECTDRAW.EXE.INTERMEDIATE.MANIFEST
C:\USERS\JASON\DOCUMENTS\VISUAL STUDIO 2010\PROJECTS\DXGAME\WIN32DIRECTDRAW\DEBUG\WIN32DIRECTDRAW.OBJ
C:\USERS\JASON\DOCUMENTS\VISUAL STUDIO 2010\PROJECTS\DXGAME\WIN32DIRECTDRAW\DEBUG\WIN32DIRECTDRAW.PCH
C:\USERS\JASON\DOCUMENTS\VISUAL STUDIO 2010\PROJECTS\DXGAME\WIN32DIRECTDRAW\DEBUG\WIN32DIRECTDRAW.RES
C:\USERS\JASON\DOCUMENTS\VISUAL STUDIO 2010\PROJECTS\WIN32DIRECTDRAW\WIN32DIRECTDRAW\DEBUG\STDAFX.OBJ
C:\USERS\JASON\DOCUMENTS\VISUAL STUDIO 2010\PROJECTS\WIN32DIRECTDRAW\WIN32DIRECTDRAW\DEBUG\VC100.PDB
C:\USERS\JASON\DOCUMENTS\VISUAL STUDIO 2010\PROJECTS\WIN32DIRECTDRAW\WIN32DIRECTDRAW\DEBUG\WIN32DIRECTDRAW.EXE.EMBED.MANIFEST.RES
C:\USERS\JASON\DOCUMENTS\VISUAL STUDIO 2010\PROJECTS\WIN32DIRECTDRAW\WIN32DIRECTDRAW\DEBUG\WIN32DIRECTDRAW.OBJ
C:\USERS\JASON\DOCUMENTS\VISUAL STUDIO 2010\PROJECTS\WIN32DIRECTDRAW\WIN32DIRECTDRAW\DEBUG\WIN32DIRECTDRAW.PCH
C:\USERS\JASON\DOCUMENTS\VISUAL STUDIO 2010\PROJECTS\WIN32DIRECTDRAW\WIN32DIRECTDRAW\DEBUG\WIN32DIRECTDRAW.RES
G:\VISUAL STUDIO 2010\PROJECTS\DXGAME\DEBUG\WIN32DIRECTDRAW.EXE
G:\VISUAL STUDIO 2010\PROJECTS\DXGAME\DEBUG\WIN32DIRECTDRAW.ILK
G:\VISUAL STUDIO 2010\PROJECTS\DXGAME\DEBUG\WIN32DIRECTDRAW.PDB
G:\VISUAL STUDIO 2010\PROJECTS\DXGAME\WIN32DIRECTDRAW\DEBUG\STDAFX.OBJ
G:\VISUAL STUDIO 2010\PROJECTS\DXGAME\WIN32DIRECTDRAW\DEBUG\VC100.PDB
G:\VISUAL STUDIO 2010\PROJECTS\DXGAME\WIN32DIRECTDRAW\DEBUG\WIN32DIRECTDRAW.EXE.EMBED.MANIFEST.RES
G:\VISUAL STUDIO 2010\PROJECTS\DXGAME\WIN32DIRECTDRAW\DEBUG\WIN32DIRECTDRAW.EXE.INTERMEDIATE.MANIFEST
G:\VISUAL STUDIO 2010\PROJECTS\DXGAME\WIN32DIRECTDRAW\DEBUG\WIN32DIRECTDRAW.OBJ
G:\VISUAL STUDIO 2010\PROJECTS\DXGAME\WIN32DIRECTDRAW\DEBUG\WIN32DIRECTDRAW.PCH
G:\VISUAL STUDIO 2010\PROJECTS\DXGAME\WIN32DIRECTDRAW\DEBUG\WIN32DIRECTDRAW.RES
