cl : command line  warning D9035: option 'Gm' has been deprecated and will be removed in a future release
  CGfxOpenGL.cpp
  C:\Program Files (x86)\Windows Kits\10\Include\10.0.26100.0\um\dinput.h: DIRECTINPUT_VERSION undefined. Defaulting to version 0x0800
C:\Users\Jason\Desktop\GameEngine\game_engineGL\TextureBasics2\TextureBasics\Vector.h(104,16): warning C4244: 'initializing': conversion from 'double' to 'float', possible loss of data
  (compiling source file 'CGfxOpenGL.cpp')
  
C:\Users\Jason\Desktop\GameEngine\game_engineGL\TextureBasics2\TextureBasics\Vector.h(111,16): warning C4244: 'initializing': conversion from 'double' to 'float', possible loss of data
  (compiling source file 'CGfxOpenGL.cpp')
  
C:\Users\Jason\Desktop\GameEngine\game_engineGL\TextureBasics2\TextureBasics\Vector.h(112,28): warning C4305: '+=': truncation from 'double' to 'float'
  (compiling source file 'CGfxOpenGL.cpp')
  
C:\Users\Jason\Desktop\GameEngine\game_engineGL\TextureBasics2\TextureBasics\CGfxOpenGL.cpp(116,12): warning C4244: 'initializing': conversion from 'double' to 'int', possible loss of data
C:\Users\Jason\Desktop\GameEngine\game_engineGL\TextureBasics2\TextureBasics\CGfxOpenGL.cpp(122,22): warning C4316: 'Object': object allocated on the heap may not be aligned 16
C:\Users\Jason\Desktop\GameEngine\game_engineGL\TextureBasics2\TextureBasics\CGfxOpenGL.cpp(185,22): warning C4316: 'Object': object allocated on the heap may not be aligned 16
C:\Users\Jason\Desktop\GameEngine\game_engineGL\TextureBasics2\TextureBasics\CGfxOpenGL.cpp(240,29): warning C4244: '=': conversion from 'double' to 'int', possible loss of data
C:\Users\Jason\Desktop\GameEngine\game_engineGL\TextureBasics2\TextureBasics\CGfxOpenGL.cpp(131,14): warning C4996: 'strtok': This function or variable may be unsafe. Consider using strtok_s instead. To disable deprecation, use _CRT_SECURE_NO_WARNINGS. See online help for details.
C:\Users\Jason\Desktop\GameEngine\game_engineGL\TextureBasics2\TextureBasics\CGfxOpenGL.cpp(133,14): warning C4996: 'strtok': This function or variable may be unsafe. Consider using strtok_s instead. To disable deprecation, use _CRT_SECURE_NO_WARNINGS. See online help for details.
C:\Users\Jason\Desktop\GameEngine\game_engineGL\TextureBasics2\TextureBasics\CGfxOpenGL.cpp(135,14): warning C4996: 'strtok': This function or variable may be unsafe. Consider using strtok_s instead. To disable deprecation, use _CRT_SECURE_NO_WARNINGS. See online help for details.
C:\Users\Jason\Desktop\GameEngine\game_engineGL\TextureBasics2\TextureBasics\CGfxOpenGL.cpp(138,14): warning C4996: 'strtok': This function or variable may be unsafe. Consider using strtok_s instead. To disable deprecation, use _CRT_SECURE_NO_WARNINGS. See online help for details.
C:\Users\Jason\Desktop\GameEngine\game_engineGL\TextureBasics2\TextureBasics\CGfxOpenGL.cpp(140,14): warning C4996: 'strtok': This function or variable may be unsafe. Consider using strtok_s instead. To disable deprecation, use _CRT_SECURE_NO_WARNINGS. See online help for details.
C:\Users\Jason\Desktop\GameEngine\game_engineGL\TextureBasics2\TextureBasics\CGfxOpenGL.cpp(142,14): warning C4996: 'strtok': This function or variable may be unsafe. Consider using strtok_s instead. To disable deprecation, use _CRT_SECURE_NO_WARNINGS. See online help for details.
C:\Users\Jason\Desktop\GameEngine\game_engineGL\TextureBasics2\TextureBasics\CGfxOpenGL.cpp(145,14): warning C4996: 'strtok': This function or variable may be unsafe. Consider using strtok_s instead. To disable deprecation, use _CRT_SECURE_NO_WARNINGS. See online help for details.
C:\Users\Jason\Desktop\GameEngine\game_engineGL\TextureBasics2\TextureBasics\CGfxOpenGL.cpp(147,14): warning C4996: 'strtok': This function or variable may be unsafe. Consider using strtok_s instead. To disable deprecation, use _CRT_SECURE_NO_WARNINGS. See online help for details.
C:\Users\Jason\Desktop\GameEngine\game_engineGL\TextureBasics2\TextureBasics\CGfxOpenGL.cpp(149,14): warning C4996: 'strtok': This function or variable may be unsafe. Consider using strtok_s instead. To disable deprecation, use _CRT_SECURE_NO_WARNINGS. See online help for details.
C:\Users\Jason\Desktop\GameEngine\game_engineGL\TextureBasics2\TextureBasics\CGfxOpenGL.cpp(152,14): warning C4996: 'strtok': This function or variable may be unsafe. Consider using strtok_s instead. To disable deprecation, use _CRT_SECURE_NO_WARNINGS. See online help for details.
C:\Users\Jason\Desktop\GameEngine\game_engineGL\TextureBasics2\TextureBasics\CGfxOpenGL.cpp(194,14): warning C4996: 'strtok': This function or variable may be unsafe. Consider using strtok_s instead. To disable deprecation, use _CRT_SECURE_NO_WARNINGS. See online help for details.
C:\Users\Jason\Desktop\GameEngine\game_engineGL\TextureBasics2\TextureBasics\CGfxOpenGL.cpp(196,14): warning C4996: 'strtok': This function or variable may be unsafe. Consider using strtok_s instead. To disable deprecation, use _CRT_SECURE_NO_WARNINGS. See online help for details.
C:\Users\Jason\Desktop\GameEngine\game_engineGL\TextureBasics2\TextureBasics\CGfxOpenGL.cpp(198,14): warning C4996: 'strtok': This function or variable may be unsafe. Consider using strtok_s instead. To disable deprecation, use _CRT_SECURE_NO_WARNINGS. See online help for details.
C:\Users\Jason\Desktop\GameEngine\game_engineGL\TextureBasics2\TextureBasics\CGfxOpenGL.cpp(207,14): warning C4996: 'strtok': This function or variable may be unsafe. Consider using strtok_s instead. To disable deprecation, use _CRT_SECURE_NO_WARNINGS. See online help for details.
C:\Users\Jason\Desktop\GameEngine\game_engineGL\TextureBasics2\TextureBasics\CGfxOpenGL.cpp(209,14): warning C4996: 'strtok': This function or variable may be unsafe. Consider using strtok_s instead. To disable deprecation, use _CRT_SECURE_NO_WARNINGS. See online help for details.
C:\Users\Jason\Desktop\GameEngine\game_engineGL\TextureBasics2\TextureBasics\CGfxOpenGL.cpp(211,14): warning C4996: 'strtok': This function or variable may be unsafe. Consider using strtok_s instead. To disable deprecation, use _CRT_SECURE_NO_WARNINGS. See online help for details.
C:\Users\Jason\Desktop\GameEngine\game_engineGL\TextureBasics2\TextureBasics\CGfxOpenGL.cpp(224,21): warning C4996: 'strtok': This function or variable may be unsafe. Consider using strtok_s instead. To disable deprecation, use _CRT_SECURE_NO_WARNINGS. See online help for details.
C:\Users\Jason\Desktop\GameEngine\game_engineGL\TextureBasics2\TextureBasics\CGfxOpenGL.cpp(232,15): warning C4996: 'strtok': This function or variable may be unsafe. Consider using strtok_s instead. To disable deprecation, use _CRT_SECURE_NO_WARNINGS. See online help for details.
C:\Users\Jason\Desktop\GameEngine\game_engineGL\TextureBasics2\TextureBasics\CGfxOpenGL.cpp(234,15): warning C4996: 'strtok': This function or variable may be unsafe. Consider using strtok_s instead. To disable deprecation, use _CRT_SECURE_NO_WARNINGS. See online help for details.
C:\Users\Jason\Desktop\GameEngine\game_engineGL\TextureBasics2\TextureBasics\CGfxOpenGL.cpp(236,15): warning C4996: 'strtok': This function or variable may be unsafe. Consider using strtok_s instead. To disable deprecation, use _CRT_SECURE_NO_WARNINGS. See online help for details.
C:\Users\Jason\Desktop\GameEngine\game_engineGL\TextureBasics2\TextureBasics\CGfxOpenGL.cpp(245,15): warning C4996: 'strtok': This function or variable may be unsafe. Consider using strtok_s instead. To disable deprecation, use _CRT_SECURE_NO_WARNINGS. See online help for details.
C:\Users\Jason\Desktop\GameEngine\game_engineGL\TextureBasics2\TextureBasics\CGfxOpenGL.cpp(247,15): warning C4996: 'strtok': This function or variable may be unsafe. Consider using strtok_s instead. To disable deprecation, use _CRT_SECURE_NO_WARNINGS. See online help for details.
C:\Users\Jason\Desktop\GameEngine\game_engineGL\TextureBasics2\TextureBasics\CGfxOpenGL.cpp(249,15): warning C4996: 'strtok': This function or variable may be unsafe. Consider using strtok_s instead. To disable deprecation, use _CRT_SECURE_NO_WARNINGS. See online help for details.
C:\Users\Jason\Desktop\GameEngine\game_engineGL\TextureBasics2\TextureBasics\CGfxOpenGL.cpp(105,14): warning C4101: 'z': unreferenced local variable
C:\Users\Jason\Desktop\GameEngine\game_engineGL\TextureBasics2\TextureBasics\CGfxOpenGL.cpp(106,9): warning C4101: 'vertex': unreferenced local variable
C:\Users\Jason\Desktop\GameEngine\game_engineGL\TextureBasics2\TextureBasics\CGfxOpenGL.cpp(105,11): warning C4101: 'y': unreferenced local variable
C:\Users\Jason\Desktop\GameEngine\game_engineGL\TextureBasics2\TextureBasics\CGfxOpenGL.cpp(109,10): warning C4101: 'pt': unreferenced local variable
C:\Users\Jason\Desktop\GameEngine\game_engineGL\TextureBasics2\TextureBasics\CGfxOpenGL.cpp(105,8): warning C4101: 'x': unreferenced local variable
C:\Users\Jason\Desktop\GameEngine\game_engineGL\TextureBasics2\TextureBasics\CGfxOpenGL.cpp(107,11): warning C4101: 'vertices': unreferenced local variable
C:\Users\Jason\Desktop\GameEngine\game_engineGL\TextureBasics2\TextureBasics\CGfxOpenGL.cpp(107,6): warning C4101: 'num': unreferenced local variable
C:\Users\Jason\Desktop\GameEngine\game_engineGL\TextureBasics2\TextureBasics\CGfxOpenGL.cpp(443,13): warning C4244: 'initializing': conversion from 'double' to 'float', possible loss of data
C:\Users\Jason\Desktop\GameEngine\game_engineGL\TextureBasics2\TextureBasics\CGfxOpenGL.cpp(444,13): warning C4244: 'initializing': conversion from 'double' to 'float', possible loss of data
C:\Users\Jason\Desktop\GameEngine\game_engineGL\TextureBasics2\TextureBasics\CGfxOpenGL.cpp(448,9): warning C4305: '+=': truncation from 'double' to 'float'
C:\Users\Jason\Desktop\GameEngine\game_engineGL\TextureBasics2\TextureBasics\CGfxOpenGL.cpp(450,9): warning C4305: '-=': truncation from 'double' to 'float'
C:\Users\Jason\Desktop\GameEngine\game_engineGL\TextureBasics2\TextureBasics\CGfxOpenGL.cpp(453,9): warning C4305: '+=': truncation from 'double' to 'float'
C:\Users\Jason\Desktop\GameEngine\game_engineGL\TextureBasics2\TextureBasics\CGfxOpenGL.cpp(455,9): warning C4305: '-=': truncation from 'double' to 'float'
C:\Users\Jason\Desktop\GameEngine\game_engineGL\TextureBasics2\TextureBasics\CGfxOpenGL.cpp(552,24): warning C4244: '=': conversion from 'double' to 'float', possible loss of data
  TextureBasics.vcxproj -> C:\Users\Jason\Desktop\GameEngine\game_engineGL\TextureBasics2\TextureBasics\Debug\TextureBasics.exe
