C:\JLY\GAME_ENGINEGL\TEXTUREBASICS2\TEXTUREBASICS\DEBUG\CGFXOPENGL.OBJ
C:\jly\game_engineGL\TextureBasics2\TextureBasics\Debug\cl.command.1.tlog
C:\jly\game_engineGL\TextureBasics2\TextureBasics\Debug\CL.read.1.tlog
C:\jly\game_engineGL\TextureBasics2\TextureBasics\Debug\CL.write.1.tlog
C:\JLY\GAME_ENGINEGL\TEXTUREBASICS2\TEXTUREBASICS\DEBUG\CTARGAIMAGE.OBJ
C:\jly\game_engineGL\TextureBasics2\TextureBasics\Debug\link.11284.read.1.tlog
C:\jly\game_engineGL\TextureBasics2\TextureBasics\Debug\link.11284.write.1.tlog
C:\jly\game_engineGL\TextureBasics2\TextureBasics\Debug\link.11284-cvtres.read.1.tlog
C:\jly\game_engineGL\TextureBasics2\TextureBasics\Debug\link.11284-cvtres.write.1.tlog
C:\jly\game_engineGL\TextureBasics2\TextureBasics\Debug\link.4604.read.1.tlog
C:\jly\game_engineGL\TextureBasics2\TextureBasics\Debug\link.4604.write.1.tlog
C:\jly\game_engineGL\TextureBasics2\TextureBasics\Debug\link.4604-cvtres.read.1.tlog
C:\jly\game_engineGL\TextureBasics2\TextureBasics\Debug\link.4604-cvtres.write.1.tlog
C:\jly\game_engineGL\TextureBasics2\TextureBasics\Debug\link.command.1.tlog
C:\jly\game_engineGL\TextureBasics2\TextureBasics\Debug\link.read.1.tlog
C:\jly\game_engineGL\TextureBasics2\TextureBasics\Debug\link.write.1.tlog
C:\jly\game_engineGL\TextureBasics2\TextureBasics\Debug\link-cvtres.read.1.tlog
C:\jly\game_engineGL\TextureBasics2\TextureBasics\Debug\link-cvtres.write.1.tlog
C:\jly\game_engineGL\TextureBasics2\TextureBasics\Debug\mt.command.1.tlog
C:\jly\game_engineGL\TextureBasics2\TextureBasics\Debug\mt.read.1.tlog
C:\jly\game_engineGL\TextureBasics2\TextureBasics\Debug\mt.write.1.tlog
C:\jly\game_engineGL\TextureBasics2\TextureBasics\Debug\rc.command.1.tlog
C:\jly\game_engineGL\TextureBasics2\TextureBasics\Debug\rc.read.1.tlog
C:\jly\game_engineGL\TextureBasics2\TextureBasics\Debug\rc.write.1.tlog
C:\JLY\GAME_ENGINEGL\TEXTUREBASICS2\TEXTUREBASICS\DEBUG\T3DLIB1.OBJ
C:\JLY\GAME_ENGINEGL\TEXTUREBASICS2\TEXTUREBASICS\DEBUG\T3DLIB2.OBJ
C:\JLY\GAME_ENGINEGL\TEXTUREBASICS2\TEXTUREBASICS\DEBUG\T3DLIB3.OBJ
C:\JLY\GAME_ENGINEGL\TEXTUREBASICS2\TEXTUREBASICS\DEBUG\T3DLIB4.OBJ
C:\JLY\GAME_ENGINEGL\TEXTUREBASICS2\TEXTUREBASICS\DEBUG\T3DLIB5.OBJ
C:\JLY\GAME_ENGINEGL\TEXTUREBASICS2\TEXTUREBASICS\DEBUG\T3DLIB6.OBJ
C:\JLY\GAME_ENGINEGL\TEXTUREBASICS2\TEXTUREBASICS\DEBUG\TEXTUREBASICS.EXE
C:\JLY\GAME_ENGINEGL\TEXTUREBASICS2\TEXTUREBASICS\DEBUG\TEXTUREBASICS.EXE.EMBED.MANIFEST
C:\JLY\GAME_ENGINEGL\TEXTUREBASICS2\TEXTUREBASICS\DEBUG\TEXTUREBASICS.EXE.EMBED.MANIFEST.RES
C:\JLY\GAME_ENGINEGL\TEXTUREBASICS2\TEXTUREBASICS\DEBUG\TEXTUREBASICS.EXE.INTERMEDIATE.MANIFEST
C:\JLY\GAME_ENGINEGL\TEXTUREBASICS2\TEXTUREBASICS\DEBUG\TEXTUREBASICS.ILK
C:\JLY\GAME_ENGINEGL\TEXTUREBASICS2\TEXTUREBASICS\DEBUG\TEXTUREBASICS.PDB
C:\jly\game_engineGL\TextureBasics2\TextureBasics\Debug\TextureBasics_manifest.rc
C:\jly\game_engineGL\TextureBasics2\TextureBasics\Debug\vc100.idb
C:\JLY\GAME_ENGINEGL\TEXTUREBASICS2\TEXTUREBASICS\DEBUG\VC100.PDB
C:\JLY\GAME_ENGINEGL\TEXTUREBASICS2\TEXTUREBASICS\DEBUG\WINMAIN.OBJ
Debug\TextureBasics.ilk
Debug\TextureBasics.pdb
