C:\JLY\GAME_ENGINEGL\TEXTUREBASICS2\TEXTUREBASICS\RELEASE\CGFXOPENGL.OBJ
C:\JLY\GAME_ENGINEGL\TEXTUREBASICS2\TEXTUREBASICS\RELEASE\CTARGAIMAGE.OBJ
C:\JLY\GAME_ENGINEGL\TEXTUREBASICS2\TEXTUREBASICS\RELEASE\T3DLIB1.OBJ
C:\JLY\GAME_ENGINEGL\TEXTUREBASICS2\TEXTUREBASICS\RELEASE\T3DLIB2.OBJ
C:\JLY\GAME_ENGINEGL\TEXTUREBASICS2\TEXTUREBASICS\RELEASE\T3DLIB3.OBJ
C:\JLY\GAME_ENGINEGL\TEXTUREBASICS2\TEXTUREBASICS\RELEASE\T3DLIB4.OBJ
C:\JLY\GAME_ENGINEGL\TEXTUREBASICS2\TEXTUREBASICS\RELEASE\T3DLIB5.OBJ
C:\JLY\GAME_ENGINEGL\TEXTUREBASICS2\TEXTUREBASICS\RELEASE\T3DLIB6.OBJ
C:\JLY\GAME_ENGINEGL\TEXTUREBASICS2\TEXTUREBASICS\RELEASE\TEXTUREBASICS.EXE
C:\JLY\GAME_ENGINEGL\TEXTUREBASICS2\TEXTUREBASICS\RELEASE\TEXTUREBASICS.EXE.INTERMEDIATE.MANIFEST
C:\JLY\GAME_ENGINEGL\TEXTUREBASICS2\TEXTUREBASICS\RELEASE\TEXTUREBASICS.PDB
C:\JLY\GAME_ENGINEGL\TEXTUREBASICS2\TEXTUREBASICS\RELEASE\VC100.PDB
C:\JLY\GAME_ENGINEGL\TEXTUREBASICS2\TEXTUREBASICS\RELEASE\WINMAIN.OBJ
C:\USERS\IRON MAN\DOCUMENTS\VISUAL STUDIO 2010\PROJECTS\GAME_ENGINEGL\TEXTUREBASICS2\TEXTUREBASICS\RELEASE\CGFXOPENGL.OBJ
C:\Users\Iron man\Documents\Visual Studio 2010\Projects\game_engineGL\TextureBasics2\TextureBasics\Release\cl.command.1.tlog
C:\Users\Iron man\Documents\Visual Studio 2010\Projects\game_engineGL\TextureBasics2\TextureBasics\Release\CL.read.1.tlog
C:\Users\Iron man\Documents\Visual Studio 2010\Projects\game_engineGL\TextureBasics2\TextureBasics\Release\CL.write.1.tlog
C:\USERS\IRON MAN\DOCUMENTS\VISUAL STUDIO 2010\PROJECTS\GAME_ENGINEGL\TEXTUREBASICS2\TEXTUREBASICS\RELEASE\CTARGAIMAGE.OBJ
C:\Users\Iron man\Documents\Visual Studio 2010\Projects\game_engineGL\TextureBasics2\TextureBasics\Release\link.command.1.tlog
C:\Users\Iron man\Documents\Visual Studio 2010\Projects\game_engineGL\TextureBasics2\TextureBasics\Release\link.read.1.tlog
C:\Users\Iron man\Documents\Visual Studio 2010\Projects\game_engineGL\TextureBasics2\TextureBasics\Release\link.write.1.tlog
C:\Users\Iron man\Documents\Visual Studio 2010\Projects\game_engineGL\TextureBasics2\TextureBasics\Release\mt.command.1.tlog
C:\Users\Iron man\Documents\Visual Studio 2010\Projects\game_engineGL\TextureBasics2\TextureBasics\Release\mt.read.1.tlog
C:\Users\Iron man\Documents\Visual Studio 2010\Projects\game_engineGL\TextureBasics2\TextureBasics\Release\mt.write.1.tlog
C:\USERS\IRON MAN\DOCUMENTS\VISUAL STUDIO 2010\PROJECTS\GAME_ENGINEGL\TEXTUREBASICS2\TEXTUREBASICS\RELEASE\T3DLIB1.OBJ
C:\USERS\IRON MAN\DOCUMENTS\VISUAL STUDIO 2010\PROJECTS\GAME_ENGINEGL\TEXTUREBASICS2\TEXTUREBASICS\RELEASE\T3DLIB2.OBJ
C:\USERS\IRON MAN\DOCUMENTS\VISUAL STUDIO 2010\PROJECTS\GAME_ENGINEGL\TEXTUREBASICS2\TEXTUREBASICS\RELEASE\T3DLIB3.OBJ
C:\USERS\IRON MAN\DOCUMENTS\VISUAL STUDIO 2010\PROJECTS\GAME_ENGINEGL\TEXTUREBASICS2\TEXTUREBASICS\RELEASE\T3DLIB4.OBJ
C:\USERS\IRON MAN\DOCUMENTS\VISUAL STUDIO 2010\PROJECTS\GAME_ENGINEGL\TEXTUREBASICS2\TEXTUREBASICS\RELEASE\T3DLIB5.OBJ
C:\USERS\IRON MAN\DOCUMENTS\VISUAL STUDIO 2010\PROJECTS\GAME_ENGINEGL\TEXTUREBASICS2\TEXTUREBASICS\RELEASE\T3DLIB6.OBJ
C:\Users\Iron man\Documents\Visual Studio 2010\Projects\game_engineGL\TextureBasics2\TextureBasics\Release\TextureBasics.exe.intermediate.manifest
C:\Users\Iron man\Documents\Visual Studio 2010\Projects\game_engineGL\TextureBasics2\TextureBasics\Release\TextureBasics.pdb
C:\Users\Iron man\Documents\Visual Studio 2010\Projects\game_engineGL\TextureBasics2\TextureBasics\Release\TextureBasics.vcxprojResolveAssemblyReference.cache
C:\Users\Iron man\Documents\Visual Studio 2010\Projects\game_engineGL\TextureBasics2\TextureBasics\Release\TextureBasics.write.1.tlog
C:\USERS\IRON MAN\DOCUMENTS\VISUAL STUDIO 2010\PROJECTS\GAME_ENGINEGL\TEXTUREBASICS2\TEXTUREBASICS\RELEASE\VC100.PDB
C:\Users\Iron man\Documents\Visual Studio 2010\Projects\game_engineGL\TextureBasics2\TextureBasics\Release\vc80.idb
C:\Users\Iron man\Documents\Visual Studio 2010\Projects\game_engineGL\TextureBasics2\TextureBasics\Release\vc80.pdb
C:\USERS\IRON MAN\DOCUMENTS\VISUAL STUDIO 2010\PROJECTS\GAME_ENGINEGL\TEXTUREBASICS2\TEXTUREBASICS\RELEASE\WINMAIN.OBJ
Release\TextureBasics.pdb
